* using log directory 'C:/Users/leogu/Documents/Ter/Rand-Index-Rpackage/Rindex.Rcheck'
* using R version 4.0.2 (2020-06-22)
* using platform: x86_64-w64-mingw32 (64-bit)
* using session charset: ISO8859-1
* using options '--no-manual --as-cran'
* checking for file 'Rindex/DESCRIPTION' ... OK
* checking extension type ... Package
* this is package 'Rindex' version '0.1.0'
* package encoding: UTF-8
* checking package namespace information ... OK
* checking package dependencies ... OK
* checking if this is a source package ... OK
* checking if there is a namespace ... OK
* checking for executable files ... OK
* checking for hidden files and directories ... OK
* checking for portable file names ... OK
* checking serialization versions ... OK
* checking whether package 'Rindex' can be installed ... OK
* checking installed package size ... OK
* checking package directory ... OK
* checking for future file timestamps ... OK
* checking DESCRIPTION meta-information ... OK
* checking top-level files ... OK
* checking for left-over files ... OK
* checking index information ... OK
* checking package subdirectories ... OK
* checking R files for non-ASCII characters ... OK
* checking R files for syntax errors ... OK
* checking whether the package can be loaded ... OK
* checking whether the package can be loaded with stated dependencies ... OK
* checking whether the package can be unloaded cleanly ... OK
* checking whether the namespace can be loaded with stated dependencies ... OK
* checking whether the namespace can be unloaded cleanly ... OK
* checking loading without being on the library search path ... OK
* checking dependencies in R code ... OK
* checking S3 generic/method consistency ... OK
* checking replacement functions ... OK
* checking foreign function calls ... OK
* checking R code for possible problems ... OK
* checking Rd files ... WARNING
prepare_Rd: jaccard.Rd:5-7: Dropping empty section \description
prepare_Rd: jaccard.Rd:23-25: Dropping empty section \details
prepare_Rd: jaccard.Rd:26-32: Dropping empty section \value
prepare_Rd: jaccard.Rd:39-41: Dropping empty section \note
prepare_Rd: jaccard.Rd:36-38: Dropping empty section \author
prepare_Rd: jaccard.Rd:33-35: Dropping empty section \references
prepare_Rd: jaccard.Rd:45-47: Dropping empty section \seealso
checkRd: (5) jaccard.Rd:0-79: Must have a \description
prepare_Rd: norme.Rd:5-7: Dropping empty section \description
prepare_Rd: norme.Rd:26-28: Dropping empty section \details
prepare_Rd: norme.Rd:29-35: Dropping empty section \value
prepare_Rd: norme.Rd:42-44: Dropping empty section \note
prepare_Rd: norme.Rd:39-41: Dropping empty section \author
prepare_Rd: norme.Rd:36-38: Dropping empty section \references
prepare_Rd: norme.Rd:48-50: Dropping empty section \seealso
checkRd: (5) norme.Rd:0-91: Must have a \description
prepare_Rd: rand.Rd:21-23: Dropping empty section \details
prepare_Rd: rand.Rd:24-30: Dropping empty section \value
prepare_Rd: rand.Rd:37-39: Dropping empty section \note
prepare_Rd: rand.Rd:34-36: Dropping empty section \author
prepare_Rd: rand.Rd:31-33: Dropping empty section \references
prepare_Rd: rand.Rd:43-45: Dropping empty section \seealso
* checking Rd metadata ... OK
* checking Rd line widths ... OK
* checking Rd cross-references ... OK
* checking for missing documentation entries ... OK
* checking for code/documentation mismatches ... OK
* checking Rd \usage sections ... OK
* checking Rd contents ... OK
* checking for unstated dependencies in examples ... OK
* checking examples ... OK
* checking for non-standard things in the check directory ... OK
* checking for detritus in the temp directory ... OK
* DONE
Status: 1 WARNING
